----------------------------------------------------------------------------------------------------
Initialised model @ 07-08-2019_13:46:52 with attributes:
Engine ::ackleyFunct
Version :: 0.1
Model Name: ackleyFunct
Case Name: DummyCase
Description: 

Parameters: 
{"x": {"LaTeX": "$x$", "Constraint": {"Type": "None"}}, "y": {"LaTeX": "$y$", "Constraint": {"Type": "None"}}}
Attr: 
{"fVal_Ackley": {"LaTeX": "$f_{Ac}(x, y)$", "Constraint": {"Type": "CheckBounded", "ToCheck": {"CentralVal": 0, "TheorySigma": 0.5, "ExpSigma": 0.5}}}}
----------------------------------------------------------------------------------------------------

Calculated Attributes: 
{"ChiSquared": {"LaTeX": "$\\chi^2_G$", "Calc": {"Type": "ChiSquared"}, "Constraint": {"Type": "None"}}}
----------------------------------------------------------------------------------------------------

----------------------------------------------------------------------------------------------------
Initialised model @ 07-08-2019_13:47:02 with attributes:
Engine ::ackleyFunct
Version :: 0.1
Model Name: ackleyFunct
Case Name: DummyCase
Description: 

Parameters: 
{"x": {"LaTeX": "$x$", "Constraint": {"Type": "None"}}, "y": {"LaTeX": "$y$", "Constraint": {"Type": "None"}}}
Attr: 
{"fVal_Ackley": {"LaTeX": "$f_{Ac}(x, y)$", "Constraint": {"Type": "CheckBounded", "ToCheck": {"CentralVal": 0, "TheorySigma": 0.5, "ExpSigma": 0.5}}}}
----------------------------------------------------------------------------------------------------

Calculated Attributes: 
{"ChiSquared": {"LaTeX": "$\\chi^2_G$", "Calc": {"Type": "ChiSquared"}, "Constraint": {"Type": "None"}}}
----------------------------------------------------------------------------------------------------

----------------------------------------------------------------------------------------------------
Initialised model @ 07-08-2019_13:49:10 with attributes:
Engine ::ackleyFunct
Version :: 0.1
Model Name: ackleyFunct
Case Name: DummyCase
Description: 

Parameters: 
{"x": {"LaTeX": "$x$", "Constraint": {"Type": "None"}}, "y": {"LaTeX": "$y$", "Constraint": {"Type": "None"}}}
Attr: 
{"fVal_Ackley": {"LaTeX": "$f_{Ac}(x, y)$", "Constraint": {"Type": "CheckBounded", "ToCheck": {"CentralVal": 0, "TheorySigma": 0.5, "ExpSigma": 0.5}}}}
----------------------------------------------------------------------------------------------------

Calculated Attributes: 
{"ChiSquared": {"LaTeX": "$\\chi^2_G$", "Calc": {"Type": "ChiSquared"}, "Constraint": {"Type": "None"}}}
----------------------------------------------------------------------------------------------------

----------------------------------------------------------------------------------------------------
Initialised model @ 07-08-2019_13:49:33 with attributes:
Engine ::ackleyFunct
Version :: 0.1
Model Name: ackleyFunct
Case Name: DummyCase
Description: 

Parameters: 
{"x": {"LaTeX": "$x$", "Constraint": {"Type": "None"}}, "y": {"LaTeX": "$y$", "Constraint": {"Type": "None"}}}
Attr: 
{"fVal_Ackley": {"LaTeX": "$f_{Ac}(x, y)$", "Constraint": {"Type": "CheckBounded", "ToCheck": {"CentralVal": 0, "TheorySigma": 0.5, "ExpSigma": 0.5}}}}
----------------------------------------------------------------------------------------------------

Calculated Attributes: 
{"ChiSquared": {"LaTeX": "$\\chi^2_G$", "Calc": {"Type": "ChiSquared"}, "Constraint": {"Type": "None"}}}
----------------------------------------------------------------------------------------------------

----------------------------------------------------------------------------------------------------
Initialised model @ 07-08-2019_13:49:51 with attributes:
Engine ::ackleyFunct
Version :: 0.1
Model Name: ackleyFunct
Case Name: DummyCase
Description: 

Parameters: 
{"x": {"LaTeX": "$x$", "Constraint": {"Type": "None"}}, "y": {"LaTeX": "$y$", "Constraint": {"Type": "None"}}}
Attr: 
{"fVal_Ackley": {"LaTeX": "$f_{Ac}(x, y)$", "Constraint": {"Type": "CheckBounded", "ToCheck": {"CentralVal": 0, "TheorySigma": 0.5, "ExpSigma": 0.5}}}}
----------------------------------------------------------------------------------------------------

Calculated Attributes: 
{"ChiSquared": {"LaTeX": "$\\chi^2_G$", "Calc": {"Type": "ChiSquared"}, "Constraint": {"Type": "None"}}}
----------------------------------------------------------------------------------------------------

****************************************************************************************************
Action : @ 07/08/2019 -- 13:49:51  Started Explore Scan :: ackleyFunctDummyCase
****************************************************************************************************

****************************************************************************************************
Action : @ 07/08/2019 -- 13:49:52  Finished Explore Scan :: ackleyFunctDummyCase
****************************************************************************************************

****************************************************************************************************
Action : @ 07/08/2019 -- 13:49:53  Started Focus_diffEvol Scan :: ackleyFunctDummyCase
****************************************************************************************************

****************************************************************************************************
Action : @ 07/08/2019 -- 13:51:32  Finished Focus_diffEvol Scan :: ackleyFunctDummyCase
****************************************************************************************************

----------------------------------------------------------------------------------------------------
Initialised model @ 07-08-2019_13:51:36 with attributes:
Engine ::ackleyFunct
Version :: 0.1
Model Name: ackleyFunct
Case Name: DummyCase
Description: 

Parameters: 
{"x": {"LaTeX": "$x$", "Constraint": {"Type": "None"}}, "y": {"LaTeX": "$y$", "Constraint": {"Type": "None"}}}
Attr: 
{"fVal_Ackley": {"LaTeX": "$f_{Ac}(x, y)$", "Constraint": {"Type": "CheckBounded", "ToCheck": {"CentralVal": 0, "TheorySigma": 0.5, "ExpSigma": 0.5}}}}
----------------------------------------------------------------------------------------------------

Calculated Attributes: 
{"ChiSquared": {"LaTeX": "$\\chi^2_G$", "Calc": {"Type": "ChiSquared"}, "Constraint": {"Type": "None"}}}
----------------------------------------------------------------------------------------------------

****************************************************************************************************
Action : @ 07/08/2019 -- 13:51:37  Started Explore Scan :: ackleyFunctDummyCase
****************************************************************************************************

****************************************************************************************************
Action : @ 07/08/2019 -- 13:51:37  Finished Explore Scan :: ackleyFunctDummyCase
****************************************************************************************************

****************************************************************************************************
Action : @ 07/08/2019 -- 13:51:38  Started Focus_diffEvol Scan :: ackleyFunctDummyCase
****************************************************************************************************

****************************************************************************************************
Action : @ 07/08/2019 -- 13:52:10  Finished Focus_diffEvol Scan :: ackleyFunctDummyCase
****************************************************************************************************

----------------------------------------------------------------------------------------------------
Initialised model @ 07-08-2019_13:52:38 with attributes:
Engine ::ackleyFunct
Version :: 0.1
Model Name: ackleyFunct
Case Name: DummyCase
Description: 

Parameters: 
{"x": {"LaTeX": "$x$", "Constraint": {"Type": "None"}}, "y": {"LaTeX": "$y$", "Constraint": {"Type": "None"}}}
Attr: 
{"fVal_Ackley": {"LaTeX": "$f_{Ac}(x, y)$", "Constraint": {"Type": "CheckBounded", "ToCheck": {"CentralVal": 0, "TheorySigma": 0.5, "ExpSigma": 0.5}}}}
----------------------------------------------------------------------------------------------------

Calculated Attributes: 
{"ChiSquared": {"LaTeX": "$\\chi^2_G$", "Calc": {"Type": "ChiSquared"}, "Constraint": {"Type": "None"}}}
----------------------------------------------------------------------------------------------------

****************************************************************************************************
Action : @ 07/08/2019 -- 13:52:39  Started Explore Scan :: ackleyFunctDummyCase
****************************************************************************************************

****************************************************************************************************
Action : @ 07/08/2019 -- 13:52:40  Finished Explore Scan :: ackleyFunctDummyCase
****************************************************************************************************

****************************************************************************************************
Action : @ 07/08/2019 -- 13:52:41  Started Focus_diffEvol Scan :: ackleyFunctDummyCase
****************************************************************************************************

****************************************************************************************************
Action : @ 07/08/2019 -- 13:52:42  Finished Focus_diffEvol Scan :: ackleyFunctDummyCase
****************************************************************************************************

----------------------------------------------------------------------------------------------------
Initialised model @ 07-08-2019_13:52:55 with attributes:
Engine ::ackleyFunct
Version :: 0.1
Model Name: ackleyFunct
Case Name: DummyCase
Description: 

Parameters: 
{"x": {"LaTeX": "$x$", "Constraint": {"Type": "None"}}, "y": {"LaTeX": "$y$", "Constraint": {"Type": "None"}}}
Attr: 
{"fVal_Ackley": {"LaTeX": "$f_{Ac}(x, y)$", "Constraint": {"Type": "CheckBounded", "ToCheck": {"CentralVal": 0, "TheorySigma": 0.5, "ExpSigma": 0.5}}}}
----------------------------------------------------------------------------------------------------

Calculated Attributes: 
{"ChiSquared": {"LaTeX": "$\\chi^2_G$", "Calc": {"Type": "ChiSquared"}, "Constraint": {"Type": "None"}}}
----------------------------------------------------------------------------------------------------

****************************************************************************************************
Action : @ 07/08/2019 -- 13:52:56  Started Explore Scan :: ackleyFunctDummyCase
****************************************************************************************************

****************************************************************************************************
Action : @ 07/08/2019 -- 13:52:56  Finished Explore Scan :: ackleyFunctDummyCase
****************************************************************************************************

****************************************************************************************************
Action : @ 07/08/2019 -- 13:52:57  Started Focus_diffEvol Scan :: ackleyFunctDummyCase
****************************************************************************************************

****************************************************************************************************
Action : @ 07/08/2019 -- 13:52:58  Finished Focus_diffEvol Scan :: ackleyFunctDummyCase
****************************************************************************************************

----------------------------------------------------------------------------------------------------
Initialised model @ 07-08-2019_13:53:38 with attributes:
Engine ::ackleyFunct
Version :: 0.1
Model Name: ackleyFunct
Case Name: DummyCase
Description: 

Parameters: 
{"x": {"LaTeX": "$x$", "Constraint": {"Type": "None"}}, "y": {"LaTeX": "$y$", "Constraint": {"Type": "None"}}}
Attr: 
{"fVal_Ackley": {"LaTeX": "$f_{Ac}(x, y)$", "Constraint": {"Type": "CheckBounded", "ToCheck": {"CentralVal": 0, "TheorySigma": 0.5, "ExpSigma": 0.5}}}}
----------------------------------------------------------------------------------------------------

Calculated Attributes: 
{"ChiSquared": {"LaTeX": "$\\chi^2_G$", "Calc": {"Type": "ChiSquared"}, "Constraint": {"Type": "None"}}}
----------------------------------------------------------------------------------------------------

****************************************************************************************************
Action : @ 07/08/2019 -- 13:53:38  Started Explore Scan :: ackleyFunctDummyCase
****************************************************************************************************

****************************************************************************************************
Action : @ 07/08/2019 -- 13:53:38  Finished Explore Scan :: ackleyFunctDummyCase
****************************************************************************************************

****************************************************************************************************
Action : @ 07/08/2019 -- 13:53:39  Started Focus_diffEvol Scan :: ackleyFunctDummyCase
****************************************************************************************************

****************************************************************************************************
Action : @ 07/08/2019 -- 13:53:42  Finished Focus_diffEvol Scan :: ackleyFunctDummyCase
****************************************************************************************************

----------------------------------------------------------------------------------------------------
Initialised model @ 07-08-2019_13:54:02 with attributes:
Engine ::ackleyFunct
Version :: 0.1
Model Name: ackleyFunct
Case Name: DummyCase
Description: 

Parameters: 
{"x": {"LaTeX": "$x$", "Constraint": {"Type": "None"}}, "y": {"LaTeX": "$y$", "Constraint": {"Type": "None"}}}
Attr: 
{"fVal_Ackley": {"LaTeX": "$f_{Ac}(x, y)$", "Constraint": {"Type": "CheckBounded", "ToCheck": {"CentralVal": 0, "TheorySigma": 0.5, "ExpSigma": 0.5}}}}
----------------------------------------------------------------------------------------------------

Calculated Attributes: 
{"ChiSquared": {"LaTeX": "$\\chi^2_G$", "Calc": {"Type": "ChiSquared"}, "Constraint": {"Type": "None"}}}
----------------------------------------------------------------------------------------------------

****************************************************************************************************
Action : @ 07/08/2019 -- 13:54:02  Started Focus_diffEvolAdapt_1 Scan :: ackleyFunctDummyCase
****************************************************************************************************

****************************************************************************************************
Action : @ 07/08/2019 -- 13:54:05  Finished Focus_diffEvolAdapt_1 Scan :: ackleyFunctDummyCase
****************************************************************************************************

----------------------------------------------------------------------------------------------------
Initialised model @ 07-08-2019_13:54:09 with attributes:
Engine ::ackleyFunct
Version :: 0.1
Model Name: ackleyFunct
Case Name: DummyCase
Description: 

Parameters: 
{"x": {"LaTeX": "$x$", "Constraint": {"Type": "None"}}, "y": {"LaTeX": "$y$", "Constraint": {"Type": "None"}}}
Attr: 
{"fVal_Ackley": {"LaTeX": "$f_{Ac}(x, y)$", "Constraint": {"Type": "CheckBounded", "ToCheck": {"CentralVal": 0, "TheorySigma": 0.5, "ExpSigma": 0.5}}}}
----------------------------------------------------------------------------------------------------

Calculated Attributes: 
{"ChiSquared": {"LaTeX": "$\\chi^2_G$", "Calc": {"Type": "ChiSquared"}, "Constraint": {"Type": "None"}}}
----------------------------------------------------------------------------------------------------

****************************************************************************************************
Action : @ 07/08/2019 -- 13:54:09  Started Focus_diffEvolAdapt_1 Scan :: ackleyFunctDummyCase
****************************************************************************************************

****************************************************************************************************
Action : @ 07/08/2019 -- 13:54:11  Finished Focus_diffEvolAdapt_1 Scan :: ackleyFunctDummyCase
****************************************************************************************************

----------------------------------------------------------------------------------------------------
Initialised model @ 07-08-2019_13:54:13 with attributes:
Engine ::ackleyFunct
Version :: 0.1
Model Name: ackleyFunct
Case Name: DummyCase
Description: 

Parameters: 
{"x": {"LaTeX": "$x$", "Constraint": {"Type": "None"}}, "y": {"LaTeX": "$y$", "Constraint": {"Type": "None"}}}
Attr: 
{"fVal_Ackley": {"LaTeX": "$f_{Ac}(x, y)$", "Constraint": {"Type": "CheckBounded", "ToCheck": {"CentralVal": 0, "TheorySigma": 0.5, "ExpSigma": 0.5}}}}
----------------------------------------------------------------------------------------------------

Calculated Attributes: 
{"ChiSquared": {"LaTeX": "$\\chi^2_G$", "Calc": {"Type": "ChiSquared"}, "Constraint": {"Type": "None"}}}
----------------------------------------------------------------------------------------------------

****************************************************************************************************
Action : @ 07/08/2019 -- 13:54:13  Started Focus_diffEvolAdapt_1 Scan :: ackleyFunctDummyCase
****************************************************************************************************

****************************************************************************************************
Action : @ 07/08/2019 -- 13:54:37  Finished Focus_diffEvolAdapt_1 Scan :: ackleyFunctDummyCase
****************************************************************************************************

----------------------------------------------------------------------------------------------------
Initialised model @ 07-08-2019_13:54:40 with attributes:
Engine ::ackleyFunct
Version :: 0.1
Model Name: ackleyFunct
Case Name: DummyCase
Description: 

Parameters: 
{"x": {"LaTeX": "$x$", "Constraint": {"Type": "None"}}, "y": {"LaTeX": "$y$", "Constraint": {"Type": "None"}}}
Attr: 
{"fVal_Ackley": {"LaTeX": "$f_{Ac}(x, y)$", "Constraint": {"Type": "CheckBounded", "ToCheck": {"CentralVal": 0, "TheorySigma": 0.5, "ExpSigma": 0.5}}}}
----------------------------------------------------------------------------------------------------

Calculated Attributes: 
{"ChiSquared": {"LaTeX": "$\\chi^2_G$", "Calc": {"Type": "ChiSquared"}, "Constraint": {"Type": "None"}}}
----------------------------------------------------------------------------------------------------

****************************************************************************************************
Action : @ 07/08/2019 -- 13:54:40  Started Focus_diffEvolAdapt_1 Scan :: ackleyFunctDummyCase
****************************************************************************************************

****************************************************************************************************
Action : @ 07/08/2019 -- 13:54:42  Finished Focus_diffEvolAdapt_1 Scan :: ackleyFunctDummyCase
****************************************************************************************************

----------------------------------------------------------------------------------------------------
Initialised model @ 07-08-2019_13:54:45 with attributes:
Engine ::ackleyFunct
Version :: 0.1
Model Name: ackleyFunct
Case Name: DummyCase
Description: 

Parameters: 
{"x": {"LaTeX": "$x$", "Constraint": {"Type": "None"}}, "y": {"LaTeX": "$y$", "Constraint": {"Type": "None"}}}
Attr: 
{"fVal_Ackley": {"LaTeX": "$f_{Ac}(x, y)$", "Constraint": {"Type": "CheckBounded", "ToCheck": {"CentralVal": 0, "TheorySigma": 0.5, "ExpSigma": 0.5}}}}
----------------------------------------------------------------------------------------------------

Calculated Attributes: 
{"ChiSquared": {"LaTeX": "$\\chi^2_G$", "Calc": {"Type": "ChiSquared"}, "Constraint": {"Type": "None"}}}
----------------------------------------------------------------------------------------------------

****************************************************************************************************
Action : @ 07/08/2019 -- 13:54:45  Started Focus_diffEvolAdapt_1 Scan :: ackleyFunctDummyCase
****************************************************************************************************

****************************************************************************************************
Action : @ 07/08/2019 -- 13:54:48  Finished Focus_diffEvolAdapt_1 Scan :: ackleyFunctDummyCase
****************************************************************************************************

----------------------------------------------------------------------------------------------------
Initialised model @ 07-08-2019_13:54:51 with attributes:
Engine ::ackleyFunct
Version :: 0.1
Model Name: ackleyFunct
Case Name: DummyCase
Description: 

Parameters: 
{"x": {"LaTeX": "$x$", "Constraint": {"Type": "None"}}, "y": {"LaTeX": "$y$", "Constraint": {"Type": "None"}}}
Attr: 
{"fVal_Ackley": {"LaTeX": "$f_{Ac}(x, y)$", "Constraint": {"Type": "CheckBounded", "ToCheck": {"CentralVal": 0, "TheorySigma": 0.5, "ExpSigma": 0.5}}}}
----------------------------------------------------------------------------------------------------

Calculated Attributes: 
{"ChiSquared": {"LaTeX": "$\\chi^2_G$", "Calc": {"Type": "ChiSquared"}, "Constraint": {"Type": "None"}}}
----------------------------------------------------------------------------------------------------

****************************************************************************************************
Action : @ 07/08/2019 -- 13:54:51  Started Focus_diffEvolAdapt_1 Scan :: ackleyFunctDummyCase
****************************************************************************************************

****************************************************************************************************
Action : @ 07/08/2019 -- 13:54:54  Finished Focus_diffEvolAdapt_1 Scan :: ackleyFunctDummyCase
****************************************************************************************************

----------------------------------------------------------------------------------------------------
Initialised model @ 07-08-2019_13:54:56 with attributes:
Engine ::ackleyFunct
Version :: 0.1
Model Name: ackleyFunct
Case Name: DummyCase
Description: 

Parameters: 
{"x": {"LaTeX": "$x$", "Constraint": {"Type": "None"}}, "y": {"LaTeX": "$y$", "Constraint": {"Type": "None"}}}
Attr: 
{"fVal_Ackley": {"LaTeX": "$f_{Ac}(x, y)$", "Constraint": {"Type": "CheckBounded", "ToCheck": {"CentralVal": 0, "TheorySigma": 0.5, "ExpSigma": 0.5}}}}
----------------------------------------------------------------------------------------------------

Calculated Attributes: 
{"ChiSquared": {"LaTeX": "$\\chi^2_G$", "Calc": {"Type": "ChiSquared"}, "Constraint": {"Type": "None"}}}
----------------------------------------------------------------------------------------------------

****************************************************************************************************
Action : @ 07/08/2019 -- 13:54:56  Started Focus_diffEvolAdapt_1 Scan :: ackleyFunctDummyCase
****************************************************************************************************

****************************************************************************************************
Action : @ 07/08/2019 -- 13:54:59  Finished Focus_diffEvolAdapt_1 Scan :: ackleyFunctDummyCase
****************************************************************************************************

----------------------------------------------------------------------------------------------------
Initialised model @ 07-08-2019_13:55:01 with attributes:
Engine ::ackleyFunct
Version :: 0.1
Model Name: ackleyFunct
Case Name: DummyCase
Description: 

Parameters: 
{"x": {"LaTeX": "$x$", "Constraint": {"Type": "None"}}, "y": {"LaTeX": "$y$", "Constraint": {"Type": "None"}}}
Attr: 
{"fVal_Ackley": {"LaTeX": "$f_{Ac}(x, y)$", "Constraint": {"Type": "CheckBounded", "ToCheck": {"CentralVal": 0, "TheorySigma": 0.5, "ExpSigma": 0.5}}}}
----------------------------------------------------------------------------------------------------

Calculated Attributes: 
{"ChiSquared": {"LaTeX": "$\\chi^2_G$", "Calc": {"Type": "ChiSquared"}, "Constraint": {"Type": "None"}}}
----------------------------------------------------------------------------------------------------

****************************************************************************************************
Action : @ 07/08/2019 -- 13:55:01  Started Focus_diffEvolAdapt_1 Scan :: ackleyFunctDummyCase
****************************************************************************************************

****************************************************************************************************
Action : @ 07/08/2019 -- 13:55:04  Finished Focus_diffEvolAdapt_1 Scan :: ackleyFunctDummyCase
****************************************************************************************************

----------------------------------------------------------------------------------------------------
Initialised model @ 07-08-2019_13:55:12 with attributes:
Engine ::ackleyFunct
Version :: 0.1
Model Name: ackleyFunct
Case Name: DummyCase
Description: 

Parameters: 
{"x": {"LaTeX": "$x$", "Constraint": {"Type": "None"}}, "y": {"LaTeX": "$y$", "Constraint": {"Type": "None"}}}
Attr: 
{"fVal_Ackley": {"LaTeX": "$f_{Ac}(x, y)$", "Constraint": {"Type": "CheckBounded", "ToCheck": {"CentralVal": 0, "TheorySigma": 0.5, "ExpSigma": 0.5}}}}
----------------------------------------------------------------------------------------------------

Calculated Attributes: 
{"ChiSquared": {"LaTeX": "$\\chi^2_G$", "Calc": {"Type": "ChiSquared"}, "Constraint": {"Type": "None"}}}
----------------------------------------------------------------------------------------------------

****************************************************************************************************
Action : @ 07/08/2019 -- 13:55:12  Started Focus_diffEvol Scan :: ackleyFunctDummyCase
****************************************************************************************************

****************************************************************************************************
Action : @ 07/08/2019 -- 13:55:15  Finished Focus_diffEvol Scan :: ackleyFunctDummyCase
****************************************************************************************************

----------------------------------------------------------------------------------------------------
Initialised model @ 07-08-2019_13:55:16 with attributes:
Engine ::ackleyFunct
Version :: 0.1
Model Name: ackleyFunct
Case Name: DummyCase
Description: 

Parameters: 
{"x": {"LaTeX": "$x$", "Constraint": {"Type": "None"}}, "y": {"LaTeX": "$y$", "Constraint": {"Type": "None"}}}
Attr: 
{"fVal_Ackley": {"LaTeX": "$f_{Ac}(x, y)$", "Constraint": {"Type": "CheckBounded", "ToCheck": {"CentralVal": 0, "TheorySigma": 0.5, "ExpSigma": 0.5}}}}
----------------------------------------------------------------------------------------------------

Calculated Attributes: 
{"ChiSquared": {"LaTeX": "$\\chi^2_G$", "Calc": {"Type": "ChiSquared"}, "Constraint": {"Type": "None"}}}
----------------------------------------------------------------------------------------------------

****************************************************************************************************
Action : @ 07/08/2019 -- 13:55:17  Started Focus_diffEvol Scan :: ackleyFunctDummyCase
****************************************************************************************************

****************************************************************************************************
Action : @ 07/08/2019 -- 13:55:23  Finished Focus_diffEvol Scan :: ackleyFunctDummyCase
****************************************************************************************************

----------------------------------------------------------------------------------------------------
Initialised model @ 07-08-2019_13:55:25 with attributes:
Engine ::ackleyFunct
Version :: 0.1
Model Name: ackleyFunct
Case Name: DummyCase
Description: 

Parameters: 
{"x": {"LaTeX": "$x$", "Constraint": {"Type": "None"}}, "y": {"LaTeX": "$y$", "Constraint": {"Type": "None"}}}
Attr: 
{"fVal_Ackley": {"LaTeX": "$f_{Ac}(x, y)$", "Constraint": {"Type": "CheckBounded", "ToCheck": {"CentralVal": 0, "TheorySigma": 0.5, "ExpSigma": 0.5}}}}
----------------------------------------------------------------------------------------------------

Calculated Attributes: 
{"ChiSquared": {"LaTeX": "$\\chi^2_G$", "Calc": {"Type": "ChiSquared"}, "Constraint": {"Type": "None"}}}
----------------------------------------------------------------------------------------------------

****************************************************************************************************
Action : @ 07/08/2019 -- 13:55:25  Started Focus_diffEvol Scan :: ackleyFunctDummyCase
****************************************************************************************************

****************************************************************************************************
Action : @ 07/08/2019 -- 13:55:28  Finished Focus_diffEvol Scan :: ackleyFunctDummyCase
****************************************************************************************************

----------------------------------------------------------------------------------------------------
Initialised model @ 07-08-2019_13:55:29 with attributes:
Engine ::ackleyFunct
Version :: 0.1
Model Name: ackleyFunct
Case Name: DummyCase
Description: 

Parameters: 
{"x": {"LaTeX": "$x$", "Constraint": {"Type": "None"}}, "y": {"LaTeX": "$y$", "Constraint": {"Type": "None"}}}
Attr: 
{"fVal_Ackley": {"LaTeX": "$f_{Ac}(x, y)$", "Constraint": {"Type": "CheckBounded", "ToCheck": {"CentralVal": 0, "TheorySigma": 0.5, "ExpSigma": 0.5}}}}
----------------------------------------------------------------------------------------------------

Calculated Attributes: 
{"ChiSquared": {"LaTeX": "$\\chi^2_G$", "Calc": {"Type": "ChiSquared"}, "Constraint": {"Type": "None"}}}
----------------------------------------------------------------------------------------------------

****************************************************************************************************
Action : @ 07/08/2019 -- 13:55:30  Started Focus_diffEvol Scan :: ackleyFunctDummyCase
****************************************************************************************************

****************************************************************************************************
Action : @ 07/08/2019 -- 13:55:32  Finished Focus_diffEvol Scan :: ackleyFunctDummyCase
****************************************************************************************************

----------------------------------------------------------------------------------------------------
Initialised model @ 07-08-2019_13:55:34 with attributes:
Engine ::ackleyFunct
Version :: 0.1
Model Name: ackleyFunct
Case Name: DummyCase
Description: 

Parameters: 
{"x": {"LaTeX": "$x$", "Constraint": {"Type": "None"}}, "y": {"LaTeX": "$y$", "Constraint": {"Type": "None"}}}
Attr: 
{"fVal_Ackley": {"LaTeX": "$f_{Ac}(x, y)$", "Constraint": {"Type": "CheckBounded", "ToCheck": {"CentralVal": 0, "TheorySigma": 0.5, "ExpSigma": 0.5}}}}
----------------------------------------------------------------------------------------------------

Calculated Attributes: 
{"ChiSquared": {"LaTeX": "$\\chi^2_G$", "Calc": {"Type": "ChiSquared"}, "Constraint": {"Type": "None"}}}
----------------------------------------------------------------------------------------------------

****************************************************************************************************
Action : @ 07/08/2019 -- 13:55:34  Started Focus_diffEvol Scan :: ackleyFunctDummyCase
****************************************************************************************************

****************************************************************************************************
Action : @ 07/08/2019 -- 13:55:38  Finished Focus_diffEvol Scan :: ackleyFunctDummyCase
****************************************************************************************************

----------------------------------------------------------------------------------------------------
Initialised model @ 07-08-2019_13:55:40 with attributes:
Engine ::ackleyFunct
Version :: 0.1
Model Name: ackleyFunct
Case Name: DummyCase
Description: 

Parameters: 
{"x": {"LaTeX": "$x$", "Constraint": {"Type": "None"}}, "y": {"LaTeX": "$y$", "Constraint": {"Type": "None"}}}
Attr: 
{"fVal_Ackley": {"LaTeX": "$f_{Ac}(x, y)$", "Constraint": {"Type": "CheckBounded", "ToCheck": {"CentralVal": 0, "TheorySigma": 0.5, "ExpSigma": 0.5}}}}
----------------------------------------------------------------------------------------------------

Calculated Attributes: 
{"ChiSquared": {"LaTeX": "$\\chi^2_G$", "Calc": {"Type": "ChiSquared"}, "Constraint": {"Type": "None"}}}
----------------------------------------------------------------------------------------------------

****************************************************************************************************
Action : @ 07/08/2019 -- 13:55:40  Started Focus_diffEvol Scan :: ackleyFunctDummyCase
****************************************************************************************************

****************************************************************************************************
Action : @ 07/08/2019 -- 13:55:43  Finished Focus_diffEvol Scan :: ackleyFunctDummyCase
****************************************************************************************************

----------------------------------------------------------------------------------------------------
Initialised model @ 07-08-2019_13:56:03 with attributes:
Engine ::ackleyFunct
Version :: 0.1
Model Name: ackleyFunct
Case Name: DummyCase
Description: 

Parameters: 
{"x": {"LaTeX": "$x$", "Constraint": {"Type": "None"}}, "y": {"LaTeX": "$y$", "Constraint": {"Type": "None"}}}
Attr: 
{"fVal_Ackley": {"LaTeX": "$f_{Ac}(x, y)$", "Constraint": {"Type": "CheckBounded", "ToCheck": {"CentralVal": 0, "TheorySigma": 0.5, "ExpSigma": 0.5}}}}
----------------------------------------------------------------------------------------------------

Calculated Attributes: 
{"ChiSquared": {"LaTeX": "$\\chi^2_G$", "Calc": {"Type": "ChiSquared"}, "Constraint": {"Type": "None"}}}
----------------------------------------------------------------------------------------------------

****************************************************************************************************
Action : @ 07/08/2019 -- 13:56:04  Started Explore Scan :: ackleyFunctDummyCase
****************************************************************************************************

****************************************************************************************************
Action : @ 07/08/2019 -- 14:04:38  Finished Explore Scan :: ackleyFunctDummyCase
****************************************************************************************************

----------------------------------------------------------------------------------------------------
Initialised model @ 07-08-2019_14:04:46 with attributes:
Engine ::ackleyFunct
Version :: 0.1
Model Name: ackleyFunct
Case Name: DummyCase
Description: 

Parameters: 
{"x": {"LaTeX": "$x$", "Constraint": {"Type": "None"}}, "y": {"LaTeX": "$y$", "Constraint": {"Type": "None"}}}
Attr: 
{"fVal_Ackley": {"LaTeX": "$f_{Ac}(x, y)$", "Constraint": {"Type": "CheckBounded", "ToCheck": {"CentralVal": 0, "TheorySigma": 0.5, "ExpSigma": 0.5}}}}
----------------------------------------------------------------------------------------------------

Calculated Attributes: 
{"ChiSquared": {"LaTeX": "$\\chi^2_G$", "Calc": {"Type": "ChiSquared"}, "Constraint": {"Type": "None"}}}
----------------------------------------------------------------------------------------------------

----------------------------------------------------------------------------------------------------
Initialised model @ 07-08-2019_14:06:12 with attributes:
Engine ::ackleyFunct
Version :: 0.1
Model Name: ackleyFunct
Case Name: DummyCase
Description: 

Parameters: 
{"x": {"LaTeX": "$x$", "Constraint": {"Type": "None"}}, "y": {"LaTeX": "$y$", "Constraint": {"Type": "None"}}}
Attr: 
{"fVal_Ackley": {"LaTeX": "$f_{Ac}(x, y)$", "Constraint": {"Type": "CheckBounded", "ToCheck": {"CentralVal": 0, "TheorySigma": 0.5, "ExpSigma": 0.5}}}}
----------------------------------------------------------------------------------------------------

Calculated Attributes: 
{"ChiSquared": {"LaTeX": "$\\chi^2_G$", "Calc": {"Type": "ChiSquared"}, "Constraint": {"Type": "None"}}}
----------------------------------------------------------------------------------------------------

----------------------------------------------------------------------------------------------------
Initialised model @ 07-08-2019_14:07:58 with attributes:
Engine ::ackleyFunct
Version :: 0.1
Model Name: ackleyFunct
Case Name: DummyCase
Description: 

Parameters: 
{"x": {"LaTeX": "$x$", "Constraint": {"Type": "None"}}, "y": {"LaTeX": "$y$", "Constraint": {"Type": "None"}}}
Attr: 
{"fVal_Ackley": {"LaTeX": "$f_{Ac}(x, y)$", "Constraint": {"Type": "CheckBounded", "ToCheck": {"CentralVal": 0, "TheorySigma": 0.5, "ExpSigma": 0.5}}}}
----------------------------------------------------------------------------------------------------

Calculated Attributes: 
{"ChiSquared": {"LaTeX": "$\\chi^2_G$", "Calc": {"Type": "ChiSquared"}, "Constraint": {"Type": "None"}}}
----------------------------------------------------------------------------------------------------

----------------------------------------------------------------------------------------------------
Initialised model @ 07-08-2019_14:08:21 with attributes:
Engine ::ackleyFunct
Version :: 0.1
Model Name: ackleyFunct
Case Name: DummyCase
Description: 

Parameters: 
{"x": {"LaTeX": "$x$", "Constraint": {"Type": "None"}}, "y": {"LaTeX": "$y$", "Constraint": {"Type": "None"}}}
Attr: 
{"fVal_Ackley": {"LaTeX": "$f_{Ac}(x, y)$", "Constraint": {"Type": "CheckBounded", "ToCheck": {"CentralVal": 0, "TheorySigma": 0.5, "ExpSigma": 0.5}}}}
----------------------------------------------------------------------------------------------------

Calculated Attributes: 
{"ChiSquared": {"LaTeX": "$\\chi^2_G$", "Calc": {"Type": "ChiSquared"}, "Constraint": {"Type": "None"}}}
----------------------------------------------------------------------------------------------------

----------------------------------------------------------------------------------------------------
Initialised model @ 07-08-2019_14:10:23 with attributes:
Engine ::ackleyFunct
Version :: 0.1
Model Name: ackleyFunct
Case Name: DummyCase
Description: 

Parameters: 
{"x": {"LaTeX": "$x$", "Constraint": {"Type": "None"}}, "y": {"LaTeX": "$y$", "Constraint": {"Type": "None"}}}
Attr: 
{"fVal_Ackley": {"LaTeX": "$f_{Ac}(x, y)$", "Constraint": {"Type": "CheckBounded", "ToCheck": {"CentralVal": 0, "TheorySigma": 0.5, "ExpSigma": 0.5}}}}
----------------------------------------------------------------------------------------------------

Calculated Attributes: 
{"ChiSquared": {"LaTeX": "$\\chi^2_G$", "Calc": {"Type": "ChiSquared"}, "Constraint": {"Type": "None"}}}
----------------------------------------------------------------------------------------------------

****************************************************************************************************
Action : @ 07/08/2019 -- 14:10:23  Started Explore Scan :: ackleyFunctDummyCase
****************************************************************************************************

****************************************************************************************************
Action : @ 07/08/2019 -- 14:10:23  Finished Explore Scan :: ackleyFunctDummyCase
****************************************************************************************************

----------------------------------------------------------------------------------------------------
Initialised model @ 07-08-2019_14:10:27 with attributes:
Engine ::ackleyFunct
Version :: 0.1
Model Name: ackleyFunct
Case Name: DummyCase
Description: 

Parameters: 
{"x": {"LaTeX": "$x$", "Constraint": {"Type": "None"}}, "y": {"LaTeX": "$y$", "Constraint": {"Type": "None"}}}
Attr: 
{"fVal_Ackley": {"LaTeX": "$f_{Ac}(x, y)$", "Constraint": {"Type": "CheckBounded", "ToCheck": {"CentralVal": 0, "TheorySigma": 0.5, "ExpSigma": 0.5}}}}
----------------------------------------------------------------------------------------------------

Calculated Attributes: 
{"ChiSquared": {"LaTeX": "$\\chi^2_G$", "Calc": {"Type": "ChiSquared"}, "Constraint": {"Type": "None"}}}
----------------------------------------------------------------------------------------------------

----------------------------------------------------------------------------------------------------
Initialised model @ 07-08-2019_14:12:40 with attributes:
Engine ::ackleyFunct
Version :: 0.1
Model Name: ackleyFunct
Case Name: DummyCase
Description: 

Parameters: 
{"x": {"LaTeX": "$x$", "Constraint": {"Type": "None"}}, "y": {"LaTeX": "$y$", "Constraint": {"Type": "None"}}}
Attr: 
{"fVal_Ackley": {"LaTeX": "$f_{Ac}(x, y)$", "Constraint": {"Type": "CheckBounded", "ToCheck": {"CentralVal": 0, "TheorySigma": 0.5, "ExpSigma": 0.5}}}}
----------------------------------------------------------------------------------------------------

Calculated Attributes: 
{"ChiSquared": {"LaTeX": "$\\chi^2_G$", "Calc": {"Type": "ChiSquared"}, "Constraint": {"Type": "None"}}}
----------------------------------------------------------------------------------------------------

----------------------------------------------------------------------------------------------------
Initialised model @ 07-08-2019_14:13:54 with attributes:
Engine ::ackleyFunct
Version :: 0.1
Model Name: ackleyFunct
Case Name: DummyCase
Description: 

Parameters: 
{"x": {"LaTeX": "$x$", "Constraint": {"Type": "None"}}, "y": {"LaTeX": "$y$", "Constraint": {"Type": "None"}}}
Attr: 
{"fVal_Ackley": {"LaTeX": "$f_{Ac}(x, y)$", "Constraint": {"Type": "CheckBounded", "ToCheck": {"CentralVal": 0, "TheorySigma": 0.5, "ExpSigma": 0.5}}}}
----------------------------------------------------------------------------------------------------

Calculated Attributes: 
{"ChiSquared": {"LaTeX": "$\\chi^2_G$", "Calc": {"Type": "ChiSquared"}, "Constraint": {"Type": "None"}}}
----------------------------------------------------------------------------------------------------

----------------------------------------------------------------------------------------------------
Initialised model @ 07-08-2019_14:14:30 with attributes:
Engine ::ackleyFunct
Version :: 0.1
Model Name: ackleyFunct
Case Name: DummyCase
Description: 

Parameters: 
{"x": {"LaTeX": "$x$", "Constraint": {"Type": "None"}}, "y": {"LaTeX": "$y$", "Constraint": {"Type": "None"}}}
Attr: 
{"fVal_Ackley": {"LaTeX": "$f_{Ac}(x, y)$", "Constraint": {"Type": "CheckBounded", "ToCheck": {"CentralVal": 0, "TheorySigma": 0.5, "ExpSigma": 0.5}}}}
----------------------------------------------------------------------------------------------------

Calculated Attributes: 
{"ChiSquared": {"LaTeX": "$\\chi^2_G$", "Calc": {"Type": "ChiSquared"}, "Constraint": {"Type": "None"}}}
----------------------------------------------------------------------------------------------------

----------------------------------------------------------------------------------------------------
Initialised model @ 07-08-2019_14:14:58 with attributes:
Engine ::ackleyFunct
Version :: 0.1
Model Name: ackleyFunct
Case Name: DummyCase
Description: 

Parameters: 
{"x": {"LaTeX": "$x$", "Constraint": {"Type": "None"}}, "y": {"LaTeX": "$y$", "Constraint": {"Type": "None"}}}
Attr: 
{"fVal_Ackley": {"LaTeX": "$f_{Ac}(x, y)$", "Constraint": {"Type": "CheckBounded", "ToCheck": {"CentralVal": 0, "TheorySigma": 0.5, "ExpSigma": 0.5}}}}
----------------------------------------------------------------------------------------------------

Calculated Attributes: 
{"ChiSquared": {"LaTeX": "$\\chi^2_G$", "Calc": {"Type": "ChiSquared"}, "Constraint": {"Type": "None"}}}
----------------------------------------------------------------------------------------------------

----------------------------------------------------------------------------------------------------
Initialised model @ 07-08-2019_14:15:13 with attributes:
Engine ::ackleyFunct
Version :: 0.1
Model Name: ackleyFunct
Case Name: DummyCase
Description: 

Parameters: 
{"x": {"LaTeX": "$x$", "Constraint": {"Type": "None"}}, "y": {"LaTeX": "$y$", "Constraint": {"Type": "None"}}}
Attr: 
{"fVal_Ackley": {"LaTeX": "$f_{Ac}(x, y)$", "Constraint": {"Type": "CheckBounded", "ToCheck": {"CentralVal": 0, "TheorySigma": 0.5, "ExpSigma": 0.5}}}}
----------------------------------------------------------------------------------------------------

Calculated Attributes: 
{"ChiSquared": {"LaTeX": "$\\chi^2_G$", "Calc": {"Type": "ChiSquared"}, "Constraint": {"Type": "None"}}}
----------------------------------------------------------------------------------------------------

----------------------------------------------------------------------------------------------------
Initialised model @ 07-08-2019_14:15:22 with attributes:
Engine ::ackleyFunct
Version :: 0.1
Model Name: ackleyFunct
Case Name: DummyCase
Description: 

Parameters: 
{"x": {"LaTeX": "$x$", "Constraint": {"Type": "None"}}, "y": {"LaTeX": "$y$", "Constraint": {"Type": "None"}}}
Attr: 
{"fVal_Ackley": {"LaTeX": "$f_{Ac}(x, y)$", "Constraint": {"Type": "CheckBounded", "ToCheck": {"CentralVal": 0, "TheorySigma": 0.5, "ExpSigma": 0.5}}}}
----------------------------------------------------------------------------------------------------

Calculated Attributes: 
{"ChiSquared": {"LaTeX": "$\\chi^2_G$", "Calc": {"Type": "ChiSquared"}, "Constraint": {"Type": "None"}}}
----------------------------------------------------------------------------------------------------

----------------------------------------------------------------------------------------------------
Initialised model @ 07-08-2019_14:16:06 with attributes:
Engine ::ackleyFunct
Version :: 0.1
Model Name: ackleyFunct
Case Name: DummyCase
Description: 

Parameters: 
{"x": {"LaTeX": "$x$", "Constraint": {"Type": "None"}}, "y": {"LaTeX": "$y$", "Constraint": {"Type": "None"}}}
Attr: 
{"fVal_Ackley": {"LaTeX": "$f_{Ac}(x, y)$", "Constraint": {"Type": "CheckBounded", "ToCheck": {"CentralVal": 0, "TheorySigma": 0.5, "ExpSigma": 0.5}}}}
----------------------------------------------------------------------------------------------------

Calculated Attributes: 
{"ChiSquared": {"LaTeX": "$\\chi^2_G$", "Calc": {"Type": "ChiSquared"}, "Constraint": {"Type": "None"}}}
----------------------------------------------------------------------------------------------------

----------------------------------------------------------------------------------------------------
Initialised model @ 07-08-2019_14:16:28 with attributes:
Engine ::ackleyFunct
Version :: 0.1
Model Name: ackleyFunct
Case Name: DummyCase
Description: 

Parameters: 
{"x": {"LaTeX": "$x$", "Constraint": {"Type": "None"}}, "y": {"LaTeX": "$y$", "Constraint": {"Type": "None"}}}
Attr: 
{"fVal_Ackley": {"LaTeX": "$f_{Ac}(x, y)$", "Constraint": {"Type": "CheckBounded", "ToCheck": {"CentralVal": 0, "TheorySigma": 0.5, "ExpSigma": 0.5}}}}
----------------------------------------------------------------------------------------------------

Calculated Attributes: 
{"ChiSquared": {"LaTeX": "$\\chi^2_G$", "Calc": {"Type": "ChiSquared"}, "Constraint": {"Type": "None"}}}
----------------------------------------------------------------------------------------------------

----------------------------------------------------------------------------------------------------
Initialised model @ 07-08-2019_14:17:36 with attributes:
Engine ::ackleyFunct
Version :: 0.1
Model Name: ackleyFunct
Case Name: DummyCase
Description: 

Parameters: 
{"x": {"LaTeX": "$x$", "Constraint": {"Type": "None"}}, "y": {"LaTeX": "$y$", "Constraint": {"Type": "None"}}}
Attr: 
{"fVal_Ackley": {"LaTeX": "$f_{Ac}(x, y)$", "Constraint": {"Type": "CheckBounded", "ToCheck": {"CentralVal": 0, "TheorySigma": 0.5, "ExpSigma": 0.5}}}}
----------------------------------------------------------------------------------------------------

Calculated Attributes: 
{"ChiSquared": {"LaTeX": "$\\chi^2_G$", "Calc": {"Type": "ChiSquared"}, "Constraint": {"Type": "None"}}}
----------------------------------------------------------------------------------------------------

****************************************************************************************************
Action : @ 07/08/2019 -- 14:17:37  Started Explore Scan :: ackleyFunctDummyCase
****************************************************************************************************

****************************************************************************************************
Action : @ 07/08/2019 -- 14:17:37  Finished Explore Scan :: ackleyFunctDummyCase
****************************************************************************************************

----------------------------------------------------------------------------------------------------
Initialised model @ 07-08-2019_14:17:54 with attributes:
Engine ::ackleyFunct
Version :: 0.1
Model Name: ackleyFunct
Case Name: DummyCase
Description: 

Parameters: 
{"x": {"LaTeX": "$x$", "Constraint": {"Type": "None"}}, "y": {"LaTeX": "$y$", "Constraint": {"Type": "None"}}}
Attr: 
{"fAckley": {"LaTeX": "$f_{Ac}(x, y)$", "Constraint": {"Type": "CheckBounded", "ToCheck": {"CentralVal": 0, "TheorySigma": 0.5, "ExpSigma": 0.5}}}}
----------------------------------------------------------------------------------------------------

Calculated Attributes: 
{"ChiSquared": {"LaTeX": "$\\chi^2_G$", "Calc": {"Type": "ChiSquared"}, "Constraint": {"Type": "None"}}}
----------------------------------------------------------------------------------------------------

****************************************************************************************************
Action : @ 07/08/2019 -- 14:17:55  Started Explore Scan :: ackleyFunctDummyCase
****************************************************************************************************

****************************************************************************************************
Action : @ 07/08/2019 -- 14:17:56  Finished Explore Scan :: ackleyFunctDummyCase
****************************************************************************************************

----------------------------------------------------------------------------------------------------
Initialised model @ 07-08-2019_14:18:08 with attributes:
Engine ::ackleyFunct
Version :: 0.1
Model Name: ackleyFunct
Case Name: DummyCase
Description: 

Parameters: 
{"x": {"LaTeX": "$x$", "Constraint": {"Type": "None"}}, "y": {"LaTeX": "$y$", "Constraint": {"Type": "None"}}}
Attr: 
{"fAckley": {"LaTeX": "$f_{Ac}(x, y)$", "Constraint": {"Type": "CheckBounded", "ToCheck": {"CentralVal": 0, "TheorySigma": 0.5, "ExpSigma": 0.5}}}}
----------------------------------------------------------------------------------------------------

Calculated Attributes: 
{"ChiSquared": {"LaTeX": "$\\chi^2_G$", "Calc": {"Type": "ChiSquared"}, "Constraint": {"Type": "None"}}}
----------------------------------------------------------------------------------------------------

****************************************************************************************************
Action : @ 07/08/2019 -- 14:18:09  Started Explore Scan :: ackleyFunctDummyCase
****************************************************************************************************

****************************************************************************************************
Action : @ 07/08/2019 -- 14:18:10  Finished Explore Scan :: ackleyFunctDummyCase
****************************************************************************************************

----------------------------------------------------------------------------------------------------
Initialised model @ 07-08-2019_14:18:33 with attributes:
Engine ::ackleyFunct
Version :: 0.1
Model Name: ackleyFunct
Case Name: DummyCase
Description: 

Parameters: 
{"x": {"LaTeX": "$x$", "Constraint": {"Type": "None"}}, "y": {"LaTeX": "$y$", "Constraint": {"Type": "None"}}}
Attr: 
{"fAckley": {"LaTeX": "$f_{Ac}(x, y)$", "Constraint": {"Type": "CheckBounded", "ToCheck": {"CentralVal": 0, "TheorySigma": 0.5, "ExpSigma": 0.5}}}}
----------------------------------------------------------------------------------------------------

Calculated Attributes: 
{"ChiSquared": {"LaTeX": "$\\chi^2_G$", "Calc": {"Type": "ChiSquared"}, "Constraint": {"Type": "None"}}}
----------------------------------------------------------------------------------------------------

****************************************************************************************************
Action : @ 07/08/2019 -- 14:18:34  Started Explore Scan :: ackleyFunctDummyCase
****************************************************************************************************

****************************************************************************************************
Action : @ 07/08/2019 -- 14:18:34  Finished Explore Scan :: ackleyFunctDummyCase
****************************************************************************************************

----------------------------------------------------------------------------------------------------
Initialised model @ 07-08-2019_14:18:56 with attributes:
Engine ::ackleyFunct
Version :: 0.1
Model Name: ackleyFunct
Case Name: DummyCase
Description: 

Parameters: 
{"x": {"LaTeX": "$x$", "Constraint": {"Type": "None"}}, "y": {"LaTeX": "$y$", "Constraint": {"Type": "None"}}}
Attr: 
{"fAckley": {"LaTeX": "$f_{Ac}(x, y)$", "Constraint": {"Type": "CheckBounded", "ToCheck": {"CentralVal": 0, "TheorySigma": 0.5, "ExpSigma": 0.5}}}}
----------------------------------------------------------------------------------------------------

Calculated Attributes: 
{"ChiSquared": {"LaTeX": "$\\chi^2_G$", "Calc": {"Type": "ChiSquared"}, "Constraint": {"Type": "None"}}}
----------------------------------------------------------------------------------------------------

----------------------------------------------------------------------------------------------------
Initialised model @ 07-08-2019_14:23:16 with attributes:
Engine ::ackleyFunct
Version :: 0.1
Model Name: ackleyFunct
Case Name: DummyCase
Description: 

Parameters: 
{"x": {"LaTeX": "$x$", "Constraint": {"Type": "None"}}, "y": {"LaTeX": "$y$", "Constraint": {"Type": "None"}}}
Attr: 
{"fAckley": {"LaTeX": "$f_{Ac}(x, y)$", "Constraint": {"Type": "CheckBounded", "ToCheck": {"CentralVal": 0, "TheorySigma": 0.5, "ExpSigma": 0.5}}}}
----------------------------------------------------------------------------------------------------

Calculated Attributes: 
{"ChiSquared": {"LaTeX": "$\\chi^2_G$", "Calc": {"Type": "ChiSquared"}, "Constraint": {"Type": "None"}}}
----------------------------------------------------------------------------------------------------

----------------------------------------------------------------------------------------------------
Initialised model @ 07-08-2019_14:23:28 with attributes:
Engine ::ackleyFunct
Version :: 0.1
Model Name: ackleyFunct
Case Name: DummyCase
Description: 

Parameters: 
{"x": {"LaTeX": "$x$", "Constraint": {"Type": "None"}}, "y": {"LaTeX": "$y$", "Constraint": {"Type": "None"}}}
Attr: 
{"fAckley": {"LaTeX": "$f_{Ac}(x, y)$", "Constraint": {"Type": "CheckBounded", "ToCheck": {"CentralVal": 0, "TheorySigma": 0.5, "ExpSigma": 0.5}}}}
----------------------------------------------------------------------------------------------------

Calculated Attributes: 
{"ChiSquared": {"LaTeX": "$\\chi^2_G$", "Calc": {"Type": "ChiSquared"}, "Constraint": {"Type": "None"}}}
----------------------------------------------------------------------------------------------------

----------------------------------------------------------------------------------------------------
Initialised model @ 07-08-2019_14:23:34 with attributes:
Engine ::ackleyFunct
Version :: 0.1
Model Name: ackleyFunct
Case Name: DummyCase
Description: 

Parameters: 
{"x": {"LaTeX": "$x$", "Constraint": {"Type": "None"}}, "y": {"LaTeX": "$y$", "Constraint": {"Type": "None"}}}
Attr: 
{"fAckley": {"LaTeX": "$f_{Ac}(x, y)$", "Constraint": {"Type": "CheckBounded", "ToCheck": {"CentralVal": 0, "TheorySigma": 0.5, "ExpSigma": 0.5}}}}
----------------------------------------------------------------------------------------------------

Calculated Attributes: 
{"ChiSquared": {"LaTeX": "$\\chi^2_G$", "Calc": {"Type": "ChiSquared"}, "Constraint": {"Type": "None"}}}
----------------------------------------------------------------------------------------------------

****************************************************************************************************
Action : @ 07/08/2019 -- 14:23:35  Started Explore Scan :: ackleyFunctDummyCase
****************************************************************************************************

****************************************************************************************************
Action : @ 07/08/2019 -- 14:23:42  Finished Explore Scan :: ackleyFunctDummyCase
****************************************************************************************************

----------------------------------------------------------------------------------------------------
Initialised model @ 07-08-2019_14:23:52 with attributes:
Engine ::ackleyFunct
Version :: 0.1
Model Name: ackleyFunct
Case Name: DummyCase
Description: 

Parameters: 
{"x": {"LaTeX": "$x$", "Constraint": {"Type": "None"}}, "y": {"LaTeX": "$y$", "Constraint": {"Type": "None"}}}
Attr: 
{"fAckley": {"LaTeX": "$f_{Ac}(x, y)$", "Constraint": {"Type": "CheckBounded", "ToCheck": {"CentralVal": 0, "TheorySigma": 0.5, "ExpSigma": 0.5}}}}
----------------------------------------------------------------------------------------------------

Calculated Attributes: 
{"ChiSquared": {"LaTeX": "$\\chi^2_G$", "Calc": {"Type": "ChiSquared"}, "Constraint": {"Type": "None"}}}
----------------------------------------------------------------------------------------------------

----------------------------------------------------------------------------------------------------
Initialised model @ 07-08-2019_14:24:17 with attributes:
Engine ::ackleyFunct
Version :: 0.1
Model Name: ackleyFunct
Case Name: DummyCase
Description: 

Parameters: 
{"x": {"LaTeX": "$x$", "Constraint": {"Type": "None"}}, "y": {"LaTeX": "$y$", "Constraint": {"Type": "None"}}}
Attr: 
{"fAckley": {"LaTeX": "$f_{Ac}(x, y)$", "Constraint": {"Type": "CheckBounded", "ToCheck": {"CentralVal": 0, "TheorySigma": 0.5, "ExpSigma": 0.5}}}}
----------------------------------------------------------------------------------------------------

Calculated Attributes: 
{"ChiSquared": {"LaTeX": "$\\chi^2_G$", "Calc": {"Type": "ChiSquared"}, "Constraint": {"Type": "None"}}}
----------------------------------------------------------------------------------------------------

----------------------------------------------------------------------------------------------------
Initialised model @ 07-08-2019_14:25:15 with attributes:
Engine ::ackleyFunct
Version :: 0.1
Model Name: ackleyFunct
Case Name: DummyCase
Description: 

Parameters: 
{"x": {"LaTeX": "$x$", "Constraint": {"Type": "None"}}, "y": {"LaTeX": "$y$", "Constraint": {"Type": "None"}}}
Attr: 
{"fAckley": {"LaTeX": "$f_{Ac}(x, y)$", "Constraint": {"Type": "CheckBounded", "ToCheck": {"CentralVal": 0, "TheorySigma": 0.5, "ExpSigma": 0.5}}}}
----------------------------------------------------------------------------------------------------

Calculated Attributes: 
{"ChiSquared": {"LaTeX": "$\\chi^2_G$", "Calc": {"Type": "ChiSquared"}, "Constraint": {"Type": "None"}}}
----------------------------------------------------------------------------------------------------

----------------------------------------------------------------------------------------------------
Initialised model @ 07-08-2019_14:25:24 with attributes:
Engine ::ackleyFunct
Version :: 0.1
Model Name: ackleyFunct
Case Name: DummyCase
Description: 

Parameters: 
{"x": {"LaTeX": "$x$", "Constraint": {"Type": "None"}}, "y": {"LaTeX": "$y$", "Constraint": {"Type": "None"}}}
Attr: 
{"fAckley": {"LaTeX": "$f_{Ac}(x, y)$", "Constraint": {"Type": "CheckBounded", "ToCheck": {"CentralVal": 0, "TheorySigma": 0.5, "ExpSigma": 0.5}}}}
----------------------------------------------------------------------------------------------------

Calculated Attributes: 
{"ChiSquared": {"LaTeX": "$\\chi^2_G$", "Calc": {"Type": "ChiSquared"}, "Constraint": {"Type": "None"}}}
----------------------------------------------------------------------------------------------------

****************************************************************************************************
Action : @ 07/08/2019 -- 14:25:24  Started Explore Scan :: ackleyFunctDummyCase
****************************************************************************************************

****************************************************************************************************
Action : @ 07/08/2019 -- 14:25:32  Finished Explore Scan :: ackleyFunctDummyCase
****************************************************************************************************

----------------------------------------------------------------------------------------------------
Initialised model @ 07-08-2019_14:25:38 with attributes:
Engine ::ackleyFunct
Version :: 0.1
Model Name: ackleyFunct
Case Name: DummyCase
Description: 

Parameters: 
{"x": {"LaTeX": "$x$", "Constraint": {"Type": "None"}}, "y": {"LaTeX": "$y$", "Constraint": {"Type": "None"}}}
Attr: 
{"fAckley": {"LaTeX": "$f_{Ac}(x, y)$", "Constraint": {"Type": "CheckBounded", "ToCheck": {"CentralVal": 0, "TheorySigma": 0.5, "ExpSigma": 0.5}}}}
----------------------------------------------------------------------------------------------------

Calculated Attributes: 
{"ChiSquared": {"LaTeX": "$\\chi^2_G$", "Calc": {"Type": "ChiSquared"}, "Constraint": {"Type": "None"}}}
----------------------------------------------------------------------------------------------------

----------------------------------------------------------------------------------------------------
Initialised model @ 07-08-2019_14:26:18 with attributes:
Engine ::ackleyFunct
Version :: 0.1
Model Name: ackleyFunct
Case Name: DummyCase
Description: 

Parameters: 
{"x": {"LaTeX": "$x$", "Constraint": {"Type": "None"}}, "y": {"LaTeX": "$y$", "Constraint": {"Type": "None"}}}
Attr: 
{"fAckley": {"LaTeX": "$f_{Ac}(x, y)$", "Constraint": {"Type": "CheckBounded", "ToCheck": {"CentralVal": 0, "TheorySigma": 0.5, "ExpSigma": 0.5}}}}
----------------------------------------------------------------------------------------------------

Calculated Attributes: 
{"ChiSquared": {"LaTeX": "$\\chi^2_G$", "Calc": {"Type": "ChiSquared"}, "Constraint": {"Type": "None"}}}
----------------------------------------------------------------------------------------------------

****************************************************************************************************
Action : @ 07/08/2019 -- 14:26:19  Started Explore Scan :: ackleyFunctDummyCase
****************************************************************************************************

****************************************************************************************************
Action : @ 07/08/2019 -- 14:26:26  Finished Explore Scan :: ackleyFunctDummyCase
****************************************************************************************************

----------------------------------------------------------------------------------------------------
Initialised model @ 07-08-2019_14:26:30 with attributes:
Engine ::ackleyFunct
Version :: 0.1
Model Name: ackleyFunct
Case Name: DummyCase
Description: 

Parameters: 
{"x": {"LaTeX": "$x$", "Constraint": {"Type": "None"}}, "y": {"LaTeX": "$y$", "Constraint": {"Type": "None"}}}
Attr: 
{"fAckley": {"LaTeX": "$f_{Ac}(x, y)$", "Constraint": {"Type": "CheckBounded", "ToCheck": {"CentralVal": 0, "TheorySigma": 0.5, "ExpSigma": 0.5}}}}
----------------------------------------------------------------------------------------------------

Calculated Attributes: 
{"ChiSquared": {"LaTeX": "$\\chi^2_G$", "Calc": {"Type": "ChiSquared"}, "Constraint": {"Type": "None"}}}
----------------------------------------------------------------------------------------------------

****************************************************************************************************
Action : @ 07/08/2019 -- 14:26:31  Started Explore Scan :: ackleyFunctDummyCase
****************************************************************************************************

****************************************************************************************************
Action : @ 07/08/2019 -- 14:26:38  Finished Explore Scan :: ackleyFunctDummyCase
****************************************************************************************************

----------------------------------------------------------------------------------------------------
Initialised model @ 07-08-2019_14:26:51 with attributes:
Engine ::ackleyFunct
Version :: 0.1
Model Name: ackleyFunct
Case Name: DummyCase
Description: 

Parameters: 
{"x": {"LaTeX": "$x$", "Constraint": {"Type": "None"}}, "y": {"LaTeX": "$y$", "Constraint": {"Type": "None"}}}
Attr: 
{"fAckley": {"LaTeX": "$f_{Ac}(x, y)$", "Constraint": {"Type": "CheckBounded", "ToCheck": {"CentralVal": 0, "TheorySigma": 0.5, "ExpSigma": 0.5}}}}
----------------------------------------------------------------------------------------------------

Calculated Attributes: 
{"ChiSquared": {"LaTeX": "$\\chi^2_G$", "Calc": {"Type": "ChiSquared"}, "Constraint": {"Type": "None"}}}
----------------------------------------------------------------------------------------------------

****************************************************************************************************
Action : @ 07/08/2019 -- 14:26:52  Started Explore Scan :: ackleyFunctDummyCase
****************************************************************************************************

****************************************************************************************************
Action : @ 07/08/2019 -- 14:26:55  Finished Explore Scan :: ackleyFunctDummyCase
****************************************************************************************************

----------------------------------------------------------------------------------------------------
Initialised model @ 07-08-2019_14:26:58 with attributes:
Engine ::ackleyFunct
Version :: 0.1
Model Name: ackleyFunct
Case Name: DummyCase
Description: 

Parameters: 
{"x": {"LaTeX": "$x$", "Constraint": {"Type": "None"}}, "y": {"LaTeX": "$y$", "Constraint": {"Type": "None"}}}
Attr: 
{"fAckley": {"LaTeX": "$f_{Ac}(x, y)$", "Constraint": {"Type": "CheckBounded", "ToCheck": {"CentralVal": 0, "TheorySigma": 0.5, "ExpSigma": 0.5}}}}
----------------------------------------------------------------------------------------------------

Calculated Attributes: 
{"ChiSquared": {"LaTeX": "$\\chi^2_G$", "Calc": {"Type": "ChiSquared"}, "Constraint": {"Type": "None"}}}
----------------------------------------------------------------------------------------------------

