----------------------------------------------------------------------------------------------------
Initialised model @ 24-09-2019_10:52:35 with attributes:
Engine ::ackleyFunct
Version :: 0.1
Model Name: ackleyFunct
Case Name: DummyCase
Description: 

Parameters: 
{"x": {"LaTeX": "$x$", "Constraint": {"Type": "None"}}, "y": {"LaTeX": "$y$", "Constraint": {"Type": "None"}}}
Attr: 
{"fAckley": {"LaTeX": "$f_{Ac}(x, y)$", "Constraint": {"Type": "CheckBounded", "ToCheck": {"CentralVal": 0, "TheorySigma": 0.5, "ExpSigma": 0.5}}}}
Parameter Bounds: 
{"x": {"Min": -30.0, "Max": 30.0}, "y": {"Min": -30.0, "Max": 30.0}}
----------------------------------------------------------------------------------------------------

Calculated Attributes: 
{"ChiSquared": {"LaTeX": "$\\chi^2_G$", "Calc": {"Type": "ChiSquared"}, "Constraint": {"Type": "None"}}}
----------------------------------------------------------------------------------------------------

****************************************************************************************************
Action : @ 24/09/2019 -- 10:52:35  Started Explore Scan :: ackleyFunctDummyCase
****************************************************************************************************

****************************************************************************************************
Action : @ 24/09/2019 -- 10:52:36  Finished Explore Scan :: ackleyFunctDummyCase
****************************************************************************************************

