----------------------------------------------------------------------------------------------------
Initialised model @ 27-08-2019_10:01:06 with attributes:
Engine ::ackleyFunct
Version :: 0.1
Model Name: ackleyFunct
Case Name: DummyCase
Description: 

Parameters: 
{"x": {"LaTeX": "$x$", "Constraint": {"Type": "None"}}, "y": {"LaTeX": "$y$", "Constraint": {"Type": "None"}}}
Attr: 
{"fAckley": {"LaTeX": "$f_{Ac}(x, y)$", "Constraint": {"Type": "CheckBounded", "ToCheck": {"CentralVal": 0, "TheorySigma": 0.5, "ExpSigma": 0.5}}}}
----------------------------------------------------------------------------------------------------

Calculated Attributes: 
{"ChiSquared": {"LaTeX": "$\\chi^2_G$", "Calc": {"Type": "ChiSquared"}, "Constraint": {"Type": "None"}}}
----------------------------------------------------------------------------------------------------

****************************************************************************************************
Action : @ 27/08/2019 -- 10:01:06  Start ReRun Scan :: ackleyFunctDummyCase
****************************************************************************************************

****************************************************************************************************
Action : @ 27/08/2019 -- 10:01:30  Finished ReRun Scan :: ackleyFunctDummyCase
****************************************************************************************************

