----------------------------------------------------------------------------------------------------
Initialised model @ 28-08-2019_08:51:08 with attributes:
Engine ::ackleyFunct
Version :: 0.1
Model Name: ackleyFunct
Case Name: DummyCase
Description: 

Parameters: 
{"x": {"LaTeX": "$x$", "Constraint": {"Type": "None"}}, "y": {"LaTeX": "$y$", "Constraint": {"Type": "None"}}}
Attr: 
{"fAckley": {"LaTeX": "$f_{Ac}(x, y)$", "Constraint": {"Type": "CheckBounded", "ToCheck": {"CentralVal": 0, "TheorySigma": 0.5, "ExpSigma": 0.5}}}}
----------------------------------------------------------------------------------------------------

Calculated Attributes: 
{"ChiSquared": {"LaTeX": "$\\chi^2_G$", "Calc": {"Type": "ChiSquared"}, "Constraint": {"Type": "None"}}}
----------------------------------------------------------------------------------------------------

****************************************************************************************************
Action : @ 28/08/2019 -- 08:51:09  Started Explore Scan :: ackleyFunctDummyCase
****************************************************************************************************

****************************************************************************************************
Action : @ 28/08/2019 -- 08:51:10  Finished Explore Scan :: ackleyFunctDummyCase
****************************************************************************************************

****************************************************************************************************
Action : @ 28/08/2019 -- 08:51:10  Started Focus_diffEvol Scan :: ackleyFunctDummyCase
****************************************************************************************************

****************************************************************************************************
Action : @ 28/08/2019 -- 08:51:43  Finished Focus_diffEvol Scan :: ackleyFunctDummyCase
****************************************************************************************************

