----------------------------------------------------------------------------------------------------
Initialised model @ 13-09-2019_14:26:24 with attributes:
Engine ::ackleyFunct
Version :: 0.1
Model Name: ackleyFunct
Case Name: DummyCase
Description: 

Parameters: 
{"x": {"LaTeX": "$x$", "Constraint": {"Type": "None"}}, "y": {"LaTeX": "$y$", "Constraint": {"Type": "None"}}}
Attr: 
{"fAckley": {"LaTeX": "$f_{Ac}(x, y)$", "Constraint": {"Type": "CheckBounded", "ToCheck": {"CentralVal": 0, "TheorySigma": 0.5, "ExpSigma": 0.5}}}}
----------------------------------------------------------------------------------------------------

Calculated Attributes: 
{"ChiSquared": {"LaTeX": "$\\chi^2_G$", "Calc": {"Type": "ChiSquared"}, "Constraint": {"Type": "None"}}}
----------------------------------------------------------------------------------------------------

****************************************************************************************************
Action : @ 13/09/2019 -- 14:26:25  Started Explore Scan :: ackleyFunctDummyCase
****************************************************************************************************

****************************************************************************************************
Action : @ 13/09/2019 -- 14:26:26  Finished Explore Scan :: ackleyFunctDummyCase
****************************************************************************************************

****************************************************************************************************
Action : @ 13/09/2019 -- 14:26:26  Started Focus_diffEvol Scan :: ackleyFunctDummyCase
****************************************************************************************************

****************************************************************************************************
Action : @ 13/09/2019 -- 14:27:07  Finished Focus_diffEvol Scan :: ackleyFunctDummyCase
****************************************************************************************************

